[debug] [2022-04-06T21:06:14.776Z] ----------------------------------------------------------------------
[debug] [2022-04-06T21:06:14.778Z] Command:       C:\Program Files\nodejs\node.exe C:\Users\juanp\AppData\Roaming\npm\node_modules\firebase-tools\lib\bin\firebase.js init
[debug] [2022-04-06T21:06:14.778Z] CLI Version:   10.6.0
[debug] [2022-04-06T21:06:14.778Z] Platform:      win32
[debug] [2022-04-06T21:06:14.778Z] Node Version:  v16.13.0
[debug] [2022-04-06T21:06:14.779Z] Time:          Wed Apr 06 2022 18:06:14 GMT-0300 (hora estándar de Uruguay)
[debug] [2022-04-06T21:06:14.779Z] ----------------------------------------------------------------------
[debug] 
[debug] [2022-04-06T21:06:14.785Z] > command requires scopes: ["email","openid","https://www.googleapis.com/auth/cloudplatformprojects.readonly","https://www.googleapis.com/auth/firebase","https://www.googleapis.com/auth/cloud-platform"]
[debug] [2022-04-06T21:06:14.786Z] > authorizing via signed-in user (juanpa.box.77@gmail.com)
[info] 
     ######## #### ########  ######## ########     ###     ######  ########
     ##        ##  ##     ## ##       ##     ##  ##   ##  ##       ##
     ######    ##  ########  ######   ########  #########  ######  ######
     ##        ##  ##    ##  ##       ##     ## ##     ##       ## ##
     ##       #### ##     ## ######## ########  ##     ##  ######  ########

You're about to initialize a Firebase project in this directory:

  C:\Users\juanp\proyectos\conrol-de-gastos

[info] 
=== Project Setup
[info] 
[info] First, let's associate this project directory with a Firebase project.
[info] You can create multiple project aliases by running firebase use --add, 
[info] but for now we'll just set up a default project.
[info] 
[debug] [2022-04-06T21:06:55.234Z] >>> [apiv2][query] GET https://firebase.googleapis.com/v1beta1/availableProjects pageSize=100
[debug] [2022-04-06T21:06:56.878Z] <<< [apiv2][status] GET https://firebase.googleapis.com/v1beta1/availableProjects 200
[debug] [2022-04-06T21:06:56.878Z] <<< [apiv2][body] GET https://firebase.googleapis.com/v1beta1/availableProjects [omitted]
[debug] [2022-04-06T21:08:13.310Z] ----------------------------------------------------------------------
[debug] [2022-04-06T21:08:13.312Z] Command:       C:\Program Files\nodejs\node.exe C:\Users\juanp\AppData\Roaming\npm\node_modules\firebase-tools\lib\bin\firebase.js init
[debug] [2022-04-06T21:08:13.312Z] CLI Version:   10.6.0
[debug] [2022-04-06T21:08:13.312Z] Platform:      win32
[debug] [2022-04-06T21:08:13.312Z] Node Version:  v16.13.0
[debug] [2022-04-06T21:08:13.313Z] Time:          Wed Apr 06 2022 18:08:13 GMT-0300 (hora estándar de Uruguay)
[debug] [2022-04-06T21:08:13.313Z] ----------------------------------------------------------------------
[debug] 
[debug] [2022-04-06T21:08:13.325Z] > command requires scopes: ["email","openid","https://www.googleapis.com/auth/cloudplatformprojects.readonly","https://www.googleapis.com/auth/firebase","https://www.googleapis.com/auth/cloud-platform"]
[debug] [2022-04-06T21:08:13.325Z] > authorizing via signed-in user (juanpa.box.77@gmail.com)
[info] 
     ######## #### ########  ######## ########     ###     ######  ########
     ##        ##  ##     ## ##       ##     ##  ##   ##  ##       ##
     ######    ##  ########  ######   ########  #########  ######  ######
     ##        ##  ##    ##  ##       ##     ## ##     ##       ## ##
     ##       #### ##     ## ######## ########  ##     ##  ######  ########

You're about to initialize a Firebase project in this directory:

  C:\Users\juanp\proyectos\conrol-de-gastos

[debug] [2022-04-07T19:35:34.474Z] Error: kill ENOSYS
    at process.kill (node:internal/process/per_thread:215:13)
    at process.listener (C:\Users\juanp\AppData\Roaming\npm\node_modules\firebase-tools\node_modules\signal-exit\index.js:95:15)
    at process.emit (node:events:390:28)
[error] 
[error] Error: An unexpected error has occurred.
